TN:
SF:src/engine/sessionMemory.ts
FN:43,(anonymous_0)
FN:60,(anonymous_1)
FN:65,(anonymous_2)
FN:72,(anonymous_3)
FN:87,(anonymous_4)
FN:96,(anonymous_5)
FN:108,(anonymous_6)
FN:120,(anonymous_7)
FN:125,(anonymous_8)
FN:134,(anonymous_9)
FN:148,(anonymous_10)
FN:153,(anonymous_11)
FN:178,(anonymous_12)
FN:183,(anonymous_13)
FN:192,(anonymous_14)
FN:197,(anonymous_15)
FN:222,(anonymous_16)
FN:236,getSessionMemory
FNF:18
FNH:16
FNDA:23,(anonymous_0)
FNDA:2,(anonymous_1)
FNDA:3,(anonymous_2)
FNDA:5,(anonymous_3)
FNDA:2,(anonymous_4)
FNDA:6,(anonymous_5)
FNDA:1,(anonymous_6)
FNDA:4,(anonymous_7)
FNDA:0,(anonymous_8)
FNDA:208,(anonymous_9)
FNDA:1,(anonymous_10)
FNDA:10,(anonymous_11)
FNDA:4,(anonymous_12)
FNDA:2,(anonymous_13)
FNDA:5,(anonymous_14)
FNDA:3,(anonymous_15)
FNDA:256,(anonymous_16)
FNDA:0,getSessionMemory
DA:41,24
DA:44,23
DA:55,23
DA:57,23
DA:61,2
DA:62,2
DA:66,3
DA:67,3
DA:68,2
DA:73,5
DA:74,5
DA:75,5
DA:76,1
DA:77,1
DA:79,4
DA:88,2
DA:89,2
DA:97,6
DA:98,6
DA:99,6
DA:105,6
DA:109,1
DA:110,1
DA:111,1
DA:112,1
DA:113,1
DA:114,1
DA:121,4
DA:122,4
DA:126,0
DA:127,0
DA:128,0
DA:129,0
DA:131,0
DA:135,208
DA:136,208
DA:143,208
DA:144,50
DA:149,1
DA:150,1
DA:154,10
DA:156,10
DA:157,10
DA:158,2
DA:159,2
DA:160,1
DA:165,10
DA:179,4
DA:180,4
DA:184,2
DA:185,2
DA:186,2
DA:187,3
DA:189,2
DA:193,5
DA:194,5
DA:198,3
DA:200,3
DA:201,3
DA:204,2
DA:205,2
DA:206,16
DA:209,2
DA:210,5
DA:211,1
DA:219,1
DA:223,256
DA:224,1
DA:233,3
DA:237,0
LF:70
LH:64
BRDA:67,0,0,2
BRDA:75,1,0,1
BRDA:75,1,1,4
BRDA:98,2,0,6
BRDA:98,2,1,5
BRDA:111,3,0,1
BRDA:113,4,0,1
BRDA:127,5,0,0
BRDA:127,5,1,0
BRDA:128,6,0,0
BRDA:143,7,0,50
BRDA:159,8,0,1
BRDA:192,9,0,2
BRDA:201,10,0,1
BRDA:206,11,0,16
BRDA:206,11,1,5
BRDA:210,12,0,1
BRDA:223,13,0,1
BRF:18
BRH:15
end_of_record
TN:
SF:src/tools/preciseDiffEditor.ts
FN:33,handlePreciseDiffEditor
FN:97,applyEdit
FN:133,(anonymous_2)
FN:135,(anonymous_3)
FN:187,countOccurrences
FN:201,replaceAll
FN:210,normalizeLines
FN:211,(anonymous_7)
FN:215,normalizeWhitespace
FN:226,findFuzzyMatch
FN:231,(anonymous_10)
FN:262,calculateSimilarity
FN:274,levenshteinDistance
FN:302,findNearestLine
FN:308,(anonymous_14)
FN:317,(anonymous_15)
FN:341,createBackup
FN:352,formatDryRunResult
FN:445,formatDiffResult
FN:446,(anonymous_19)
FN:447,(anonymous_20)
FNF:21
FNH:16
FNDA:0,handlePreciseDiffEditor
FNDA:7,applyEdit
FNDA:5,(anonymous_2)
FNDA:5,(anonymous_3)
FNDA:12,countOccurrences
FNDA:4,replaceAll
FNDA:23,normalizeLines
FNDA:35,(anonymous_7)
FNDA:6,normalizeWhitespace
FNDA:6,findFuzzyMatch
FNDA:8,(anonymous_10)
FNDA:15,calculateSimilarity
FNDA:22,levenshteinDistance
FNDA:4,findNearestLine
FNDA:13,(anonymous_14)
FNDA:17,(anonymous_15)
FNDA:5,createBackup
FNDA:0,formatDryRunResult
FNDA:0,formatDiffResult
FNDA:0,(anonymous_19)
FNDA:0,(anonymous_20)
DA:34,0
DA:37,0
DA:38,0
DA:39,0
DA:42,0
DA:45,0
DA:46,0
DA:47,0
DA:51,0
DA:52,0
DA:55,0
DA:56,0
DA:57,0
DA:58,0
DA:60,0
DA:61,0
DA:62,0
DA:64,0
DA:65,0
DA:67,0
DA:70,0
DA:76,0
DA:80,0
DA:83,0
DA:87,0
DA:88,0
DA:90,0
DA:92,0
DA:104,7
DA:107,7
DA:109,7
DA:111,4
DA:114,4
DA:118,4
DA:129,3
DA:130,3
DA:133,3
DA:134,5
DA:135,5
DA:138,3
DA:139,1
DA:140,1
DA:141,1
DA:142,1
DA:147,1
DA:149,1
DA:159,2
DA:160,2
DA:161,1
DA:162,1
DA:164,1
DA:174,1
DA:175,1
DA:188,12
DA:189,11
DA:190,11
DA:191,11
DA:192,20
DA:193,20
DA:194,9
DA:195,9
DA:197,11
DA:202,4
DA:211,35
DA:216,6
DA:231,8
DA:232,6
DA:234,6
DA:237,6
DA:239,6
DA:240,6
DA:242,6
DA:243,11
DA:245,11
DA:246,11
DA:248,11
DA:249,5
DA:250,5
DA:254,6
DA:255,3
DA:258,3
DA:264,15
DA:265,15
DA:267,15
DA:269,14
DA:270,14
DA:275,22
DA:277,22
DA:278,253
DA:280,22
DA:281,341
DA:284,22
DA:285,231
DA:286,5995
DA:287,443
DA:289,5552
DA:298,22
DA:306,4
DA:307,4
DA:308,13
DA:311,4
DA:313,3
DA:314,3
DA:316,3
DA:317,17
DA:318,5
DA:320,5
DA:321,17
DA:324,5
DA:325,5
DA:326,1
DA:327,1
DA:331,3
DA:332,1
DA:338,2
DA:342,5
DA:343,5
DA:344,5
DA:346,5
DA:347,5
DA:349,5
DA:353,0
DA:360,0
DA:362,0
DA:363,0
DA:365,0
DA:366,0
DA:369,0
DA:370,0
DA:373,0
DA:374,0
DA:376,0
DA:380,0
DA:381,0
DA:382,0
DA:384,0
DA:385,0
DA:388,0
DA:390,0
DA:392,0
DA:395,0
DA:396,0
DA:399,0
DA:400,0
DA:401,0
DA:402,0
DA:404,0
DA:410,0
DA:411,0
DA:412,0
DA:413,0
DA:415,0
DA:420,0
DA:421,0
DA:424,0
DA:426,0
DA:431,0
DA:432,0
DA:433,0
DA:434,0
DA:435,0
DA:437,0
DA:442,0
DA:446,0
DA:447,0
DA:449,0
DA:455,0
DA:456,0
DA:458,0
DA:459,0
DA:460,0
DA:461,0
DA:462,0
DA:465,0
DA:466,0
DA:467,0
DA:472,0
DA:478,0
LF:178
LH:93
BRDA:34,0,0,0
BRDA:38,1,0,0
BRDA:46,2,0,0
BRDA:51,3,0,0
BRDA:64,4,0,0
BRDA:65,5,0,0
BRDA:87,6,0,0
BRDA:92,7,0,0
BRDA:92,7,1,0
BRDA:102,8,0,5
BRDA:104,9,0,6
BRDA:104,10,0,6
BRDA:109,11,0,4
BRDA:111,12,0,1
BRDA:111,12,1,3
BRDA:114,13,0,1
BRDA:114,13,1,3
BRDA:121,14,0,1
BRDA:121,14,1,3
BRDA:134,15,0,5
BRDA:134,15,1,3
BRDA:138,16,0,1
BRDA:139,17,0,0
BRDA:139,17,1,1
BRDA:160,18,0,1
BRDA:161,19,0,0
BRDA:161,19,1,1
BRDA:180,20,0,0
BRDA:180,20,1,1
BRDA:188,21,0,1
BRDA:193,22,0,11
BRDA:234,23,0,0
BRDA:248,24,0,5
BRDA:254,25,0,3
BRDA:254,26,0,6
BRDA:254,26,1,5
BRDA:264,27,0,7
BRDA:264,27,1,8
BRDA:265,28,0,7
BRDA:265,28,1,8
BRDA:267,29,0,1
BRDA:286,30,0,443
BRDA:286,30,1,5552
BRDA:311,31,0,1
BRDA:321,32,0,3
BRDA:325,33,0,1
BRDA:331,34,0,1
BRDA:331,35,0,3
BRDA:331,35,1,1
BRDA:365,36,0,0
BRDA:365,36,1,0
BRDA:374,37,0,0
BRDA:374,37,1,0
BRDA:374,37,2,0
BRDA:382,38,0,0
BRDA:382,38,1,0
BRDA:382,38,2,0
BRDA:390,39,0,0
BRDA:390,39,1,0
BRDA:390,40,0,0
BRDA:390,40,1,0
BRDA:399,41,0,0
BRDA:401,42,0,0
BRDA:401,42,1,0
BRDA:410,43,0,0
BRDA:411,44,0,0
BRDA:411,44,1,0
BRDA:412,45,0,0
BRDA:412,45,1,0
BRDA:434,46,0,0
BRDA:434,46,1,0
BRDA:458,47,0,0
BRDA:458,47,1,0
BRDA:460,48,0,0
BRDA:466,49,0,0
BRF:75
BRH:36
end_of_record
TN:
SF:src/tools/smartGrep.ts
FN:50,handleSmartGrep
FN:144,(anonymous_1)
FN:153,createRegex
FN:168,formatResults
FN:181,(anonymous_4)
FN:185,(anonymous_5)
FN:197,isBinaryFile
FNF:7
FNH:7
FNDA:4,handleSmartGrep
FNDA:2,(anonymous_1)
FNDA:11,createRegex
FNDA:10,formatResults
FNDA:13,(anonymous_4)
FNDA:38,(anonymous_5)
FNDA:11,isBinaryFile
DA:18,1
DA:47,1
DA:48,1
DA:51,4
DA:54,4
DA:55,1
DA:59,3
DA:60,3
DA:61,3
DA:62,0
DA:63,0
DA:66,3
DA:68,3
DA:70,3
DA:75,3
DA:84,3
DA:85,0
DA:86,0
DA:87,0
DA:91,3
DA:92,3
DA:93,3
DA:95,3
DA:96,9
DA:97,8
DA:99,8
DA:100,8
DA:101,8
DA:104,8
DA:107,8
DA:109,8
DA:110,8
DA:112,8
DA:113,32
DA:115,31
DA:116,31
DA:118,2
DA:119,2
DA:120,2
DA:121,2
DA:123,2
DA:132,0
DA:137,3
DA:140,3
DA:143,3
DA:144,3
DA:146,3
DA:148,0
DA:155,11
DA:157,11
DA:158,6
DA:164,6
DA:173,10
DA:174,2
DA:177,8
DA:182,13
DA:183,13
DA:185,38
DA:193,8
DA:198,11
DA:199,11
DA:200,11
DA:201,10
DA:202,10
DA:205,10
DA:206,926
DA:208,9
DA:210,1
LF:68
LH:61
BRDA:51,0,0,2
BRDA:54,1,0,1
BRDA:54,2,0,4
BRDA:54,2,1,3
BRDA:59,3,0,3
BRDA:59,3,1,3
BRDA:61,4,0,0
BRDA:61,5,0,3
BRDA:61,5,1,0
BRDA:70,6,0,0
BRDA:70,6,1,3
BRDA:80,7,0,0
BRDA:80,7,1,3
BRDA:84,8,0,0
BRDA:85,9,0,0
BRDA:85,9,1,0
BRDA:96,10,0,1
BRDA:104,11,0,0
BRDA:107,12,0,0
BRDA:113,13,0,1
BRDA:116,14,0,2
BRDA:119,15,0,2
BRDA:121,16,0,2
BRDA:148,17,0,0
BRDA:148,17,1,0
BRDA:157,18,0,6
BRDA:173,19,0,2
BRDA:206,20,0,1
BRF:28
BRH:17
end_of_record
